[2025-01-10 11:21:47] local.ERROR: syntax error, unexpected token "}", expecting variable {"exception":"[object] (Symfony\\Component\\ErrorHandler\\Error\\FatalError(code: 0): syntax error, unexpected token \"}\", expecting variable at C:\\Users\\ALUNO-11\\Documents\\GitHub LucasM\\Meu-Curso-FullStack\\Módulo 03\\Interação com API\\api-blog\\app\\Models\\Produto.php:10)
[stacktrace]
#0 C:\\Users\\ALUNO-11\\Documents\\GitHub LucasM\\Meu-Curso-FullStack\\Módulo 03\\Interação com API\\api-blog\\vendor\\laravel\\framework\\src\\Illuminate\\Foundation\\Bootstrap\\HandleExceptions.php(251): Symfony\\Component\\ErrorHandler\\Error\\FatalError->__construct(message: ''syntax error, ...', code: '0', error: '['type' => 4, '...', traceOffset: '0', traceArgs: '???', trace: '???')
#1 C:\\Users\\ALUNO-11\\Documents\\GitHub LucasM\\Meu-Curso-FullStack\\Módulo 03\\Interação com API\\api-blog\\vendor\\laravel\\framework\\src\\Illuminate\\Foundation\\Bootstrap\\HandleExceptions.php(238): Illuminate\\Foundation\\Bootstrap\\HandleExceptions->fatalErrorFromPhpError(error: '['type' => 4, '...', traceOffset: '0')
#2 C:\\Users\\ALUNO-11\\Documents\\GitHub LucasM\\Meu-Curso-FullStack\\Módulo 03\\Interação com API\\api-blog\\vendor\\laravel\\framework\\src\\Illuminate\\Foundation\\Bootstrap\\HandleExceptions.php(290): Illuminate\\Foundation\\Bootstrap\\HandleExceptions->handleShutdown()
#3 C:\\Users\\ALUNO-11\\Documents\\GitHub LucasM\\Meu-Curso-FullStack\\Módulo 03\\Interação com API\\api-blog\\vendor\\laravel\\framework\\src\\Illuminate\\Foundation\\Bootstrap\\HandleExceptions.php(0): Illuminate\\Foundation\\Bootstrap\\HandleExceptions->Illuminate\\Foundation\\Bootstrap\\{closure:C:\\Users\\ALUNO-11\\Documents\\GitHub LucasM\\Meu-Curso-FullStack\\Módulo 03\\Interação com API\\api-blog\\vendor\\laravel\\framework\\src\\Illuminate\\Foundation\\Bootstrap\\HandleExceptions.php:289-291}()
#4 {main}
"} 
[2025-01-10 11:22:00] local.ERROR: syntax error, unexpected token "}", expecting "," or ";" {"exception":"[object] (Symfony\\Component\\ErrorHandler\\Error\\FatalError(code: 0): syntax error, unexpected token \"}\", expecting \",\" or \";\" at C:\\Users\\ALUNO-11\\Documents\\GitHub LucasM\\Meu-Curso-FullStack\\Módulo 03\\Interação com API\\api-blog\\app\\Models\\Produto.php:10)
[stacktrace]
#0 C:\\Users\\ALUNO-11\\Documents\\GitHub LucasM\\Meu-Curso-FullStack\\Módulo 03\\Interação com API\\api-blog\\vendor\\laravel\\framework\\src\\Illuminate\\Foundation\\Bootstrap\\HandleExceptions.php(251): Symfony\\Component\\ErrorHandler\\Error\\FatalError->__construct(message: ''syntax error, ...', code: '0', error: '['type' => 4, '...', traceOffset: '0', traceArgs: '???', trace: '???')
#1 C:\\Users\\ALUNO-11\\Documents\\GitHub LucasM\\Meu-Curso-FullStack\\Módulo 03\\Interação com API\\api-blog\\vendor\\laravel\\framework\\src\\Illuminate\\Foundation\\Bootstrap\\HandleExceptions.php(238): Illuminate\\Foundation\\Bootstrap\\HandleExceptions->fatalErrorFromPhpError(error: '['type' => 4, '...', traceOffset: '0')
#2 C:\\Users\\ALUNO-11\\Documents\\GitHub LucasM\\Meu-Curso-FullStack\\Módulo 03\\Interação com API\\api-blog\\vendor\\laravel\\framework\\src\\Illuminate\\Foundation\\Bootstrap\\HandleExceptions.php(290): Illuminate\\Foundation\\Bootstrap\\HandleExceptions->handleShutdown()
#3 C:\\Users\\ALUNO-11\\Documents\\GitHub LucasM\\Meu-Curso-FullStack\\Módulo 03\\Interação com API\\api-blog\\vendor\\laravel\\framework\\src\\Illuminate\\Foundation\\Bootstrap\\HandleExceptions.php(0): Illuminate\\Foundation\\Bootstrap\\HandleExceptions->Illuminate\\Foundation\\Bootstrap\\{closure:C:\\Users\\ALUNO-11\\Documents\\GitHub LucasM\\Meu-Curso-FullStack\\Módulo 03\\Interação com API\\api-blog\\vendor\\laravel\\framework\\src\\Illuminate\\Foundation\\Bootstrap\\HandleExceptions.php:289-291}()
#4 {main}
"} 
[2025-01-10 11:22:30] local.ERROR: syntax error, unexpected token "}", expecting "," or ";" {"exception":"[object] (Symfony\\Component\\ErrorHandler\\Error\\FatalError(code: 0): syntax error, unexpected token \"}\", expecting \",\" or \";\" at C:\\Users\\ALUNO-11\\Documents\\GitHub LucasM\\Meu-Curso-FullStack\\Módulo 03\\Interação com API\\api-blog\\app\\Models\\Produto.php:10)
[stacktrace]
#0 C:\\Users\\ALUNO-11\\Documents\\GitHub LucasM\\Meu-Curso-FullStack\\Módulo 03\\Interação com API\\api-blog\\vendor\\laravel\\framework\\src\\Illuminate\\Foundation\\Bootstrap\\HandleExceptions.php(251): Symfony\\Component\\ErrorHandler\\Error\\FatalError->__construct(message: ''syntax error, ...', code: '0', error: '['type' => 4, '...', traceOffset: '0', traceArgs: '???', trace: '???')
#1 C:\\Users\\ALUNO-11\\Documents\\GitHub LucasM\\Meu-Curso-FullStack\\Módulo 03\\Interação com API\\api-blog\\vendor\\laravel\\framework\\src\\Illuminate\\Foundation\\Bootstrap\\HandleExceptions.php(238): Illuminate\\Foundation\\Bootstrap\\HandleExceptions->fatalErrorFromPhpError(error: '['type' => 4, '...', traceOffset: '0')
#2 C:\\Users\\ALUNO-11\\Documents\\GitHub LucasM\\Meu-Curso-FullStack\\Módulo 03\\Interação com API\\api-blog\\vendor\\laravel\\framework\\src\\Illuminate\\Foundation\\Bootstrap\\HandleExceptions.php(290): Illuminate\\Foundation\\Bootstrap\\HandleExceptions->handleShutdown()
#3 C:\\Users\\ALUNO-11\\Documents\\GitHub LucasM\\Meu-Curso-FullStack\\Módulo 03\\Interação com API\\api-blog\\vendor\\laravel\\framework\\src\\Illuminate\\Foundation\\Bootstrap\\HandleExceptions.php(0): Illuminate\\Foundation\\Bootstrap\\HandleExceptions->Illuminate\\Foundation\\Bootstrap\\{closure:C:\\Users\\ALUNO-11\\Documents\\GitHub LucasM\\Meu-Curso-FullStack\\Módulo 03\\Interação com API\\api-blog\\vendor\\laravel\\framework\\src\\Illuminate\\Foundation\\Bootstrap\\HandleExceptions.php:289-291}()
#4 {main}
"} 
[2025-01-10 11:23:08] local.ERROR: syntax error, unexpected token "}", expecting "," or ";" {"exception":"[object] (Symfony\\Component\\ErrorHandler\\Error\\FatalError(code: 0): syntax error, unexpected token \"}\", expecting \",\" or \";\" at C:\\Users\\ALUNO-11\\Documents\\GitHub LucasM\\Meu-Curso-FullStack\\Módulo 03\\Interação com API\\api-blog\\app\\Models\\Produto.php:12)
[stacktrace]
#0 C:\\Users\\ALUNO-11\\Documents\\GitHub LucasM\\Meu-Curso-FullStack\\Módulo 03\\Interação com API\\api-blog\\vendor\\laravel\\framework\\src\\Illuminate\\Foundation\\Bootstrap\\HandleExceptions.php(251): Symfony\\Component\\ErrorHandler\\Error\\FatalError->__construct(message: ''syntax error, ...', code: '0', error: '['type' => 4, '...', traceOffset: '0', traceArgs: '???', trace: '???')
#1 C:\\Users\\ALUNO-11\\Documents\\GitHub LucasM\\Meu-Curso-FullStack\\Módulo 03\\Interação com API\\api-blog\\vendor\\laravel\\framework\\src\\Illuminate\\Foundation\\Bootstrap\\HandleExceptions.php(238): Illuminate\\Foundation\\Bootstrap\\HandleExceptions->fatalErrorFromPhpError(error: '['type' => 4, '...', traceOffset: '0')
#2 C:\\Users\\ALUNO-11\\Documents\\GitHub LucasM\\Meu-Curso-FullStack\\Módulo 03\\Interação com API\\api-blog\\vendor\\laravel\\framework\\src\\Illuminate\\Foundation\\Bootstrap\\HandleExceptions.php(290): Illuminate\\Foundation\\Bootstrap\\HandleExceptions->handleShutdown()
#3 C:\\Users\\ALUNO-11\\Documents\\GitHub LucasM\\Meu-Curso-FullStack\\Módulo 03\\Interação com API\\api-blog\\vendor\\laravel\\framework\\src\\Illuminate\\Foundation\\Bootstrap\\HandleExceptions.php(0): Illuminate\\Foundation\\Bootstrap\\HandleExceptions->Illuminate\\Foundation\\Bootstrap\\{closure:C:\\Users\\ALUNO-11\\Documents\\GitHub LucasM\\Meu-Curso-FullStack\\Módulo 03\\Interação com API\\api-blog\\vendor\\laravel\\framework\\src\\Illuminate\\Foundation\\Bootstrap\\HandleExceptions.php:289-291}()
#4 {main}
"} 
[2025-01-10 11:23:30] local.ERROR: syntax error, unexpected token "}", expecting "," or ";" {"exception":"[object] (Symfony\\Component\\ErrorHandler\\Error\\FatalError(code: 0): syntax error, unexpected token \"}\", expecting \",\" or \";\" at C:\\Users\\ALUNO-11\\Documents\\GitHub LucasM\\Meu-Curso-FullStack\\Módulo 03\\Interação com API\\api-blog\\app\\Models\\Produto.php:12)
[stacktrace]
#0 C:\\Users\\ALUNO-11\\Documents\\GitHub LucasM\\Meu-Curso-FullStack\\Módulo 03\\Interação com API\\api-blog\\vendor\\laravel\\framework\\src\\Illuminate\\Foundation\\Bootstrap\\HandleExceptions.php(251): Symfony\\Component\\ErrorHandler\\Error\\FatalError->__construct(message: ''syntax error, ...', code: '0', error: '['type' => 4, '...', traceOffset: '0', traceArgs: '???', trace: '???')
#1 C:\\Users\\ALUNO-11\\Documents\\GitHub LucasM\\Meu-Curso-FullStack\\Módulo 03\\Interação com API\\api-blog\\vendor\\laravel\\framework\\src\\Illuminate\\Foundation\\Bootstrap\\HandleExceptions.php(238): Illuminate\\Foundation\\Bootstrap\\HandleExceptions->fatalErrorFromPhpError(error: '['type' => 4, '...', traceOffset: '0')
#2 C:\\Users\\ALUNO-11\\Documents\\GitHub LucasM\\Meu-Curso-FullStack\\Módulo 03\\Interação com API\\api-blog\\vendor\\laravel\\framework\\src\\Illuminate\\Foundation\\Bootstrap\\HandleExceptions.php(290): Illuminate\\Foundation\\Bootstrap\\HandleExceptions->handleShutdown()
#3 C:\\Users\\ALUNO-11\\Documents\\GitHub LucasM\\Meu-Curso-FullStack\\Módulo 03\\Interação com API\\api-blog\\vendor\\laravel\\framework\\src\\Illuminate\\Foundation\\Bootstrap\\HandleExceptions.php(0): Illuminate\\Foundation\\Bootstrap\\HandleExceptions->Illuminate\\Foundation\\Bootstrap\\{closure:C:\\Users\\ALUNO-11\\Documents\\GitHub LucasM\\Meu-Curso-FullStack\\Módulo 03\\Interação com API\\api-blog\\vendor\\laravel\\framework\\src\\Illuminate\\Foundation\\Bootstrap\\HandleExceptions.php:289-291}()
#4 {main}
"} 
[2025-01-10 11:27:30] local.ERROR: syntax error, unexpected token "}", expecting ";" or "{" {"exception":"[object] (Symfony\\Component\\ErrorHandler\\Error\\FatalError(code: 0): syntax error, unexpected token \"}\", expecting \";\" or \"{\" at C:\\Users\\ALUNO-11\\Documents\\GitHub LucasM\\Meu-Curso-FullStack\\Módulo 03\\Interação com API\\api-blog\\app\\Models\\Post.php:30)
[stacktrace]
#0 C:\\Users\\ALUNO-11\\Documents\\GitHub LucasM\\Meu-Curso-FullStack\\Módulo 03\\Interação com API\\api-blog\\vendor\\laravel\\framework\\src\\Illuminate\\Foundation\\Bootstrap\\HandleExceptions.php(251): Symfony\\Component\\ErrorHandler\\Error\\FatalError->__construct(message: ''syntax error, ...', code: '0', error: '['type' => 4, '...', traceOffset: '0', traceArgs: '???', trace: '???')
#1 C:\\Users\\ALUNO-11\\Documents\\GitHub LucasM\\Meu-Curso-FullStack\\Módulo 03\\Interação com API\\api-blog\\vendor\\laravel\\framework\\src\\Illuminate\\Foundation\\Bootstrap\\HandleExceptions.php(238): Illuminate\\Foundation\\Bootstrap\\HandleExceptions->fatalErrorFromPhpError(error: '['type' => 4, '...', traceOffset: '0')
#2 C:\\Users\\ALUNO-11\\Documents\\GitHub LucasM\\Meu-Curso-FullStack\\Módulo 03\\Interação com API\\api-blog\\vendor\\laravel\\framework\\src\\Illuminate\\Foundation\\Bootstrap\\HandleExceptions.php(290): Illuminate\\Foundation\\Bootstrap\\HandleExceptions->handleShutdown()
#3 C:\\Users\\ALUNO-11\\Documents\\GitHub LucasM\\Meu-Curso-FullStack\\Módulo 03\\Interação com API\\api-blog\\vendor\\laravel\\framework\\src\\Illuminate\\Foundation\\Bootstrap\\HandleExceptions.php(0): Illuminate\\Foundation\\Bootstrap\\HandleExceptions->Illuminate\\Foundation\\Bootstrap\\{closure:C:\\Users\\ALUNO-11\\Documents\\GitHub LucasM\\Meu-Curso-FullStack\\Módulo 03\\Interação com API\\api-blog\\vendor\\laravel\\framework\\src\\Illuminate\\Foundation\\Bootstrap\\HandleExceptions.php:289-291}()
#4 {main}
"} 
[2025-01-10 11:27:32] local.ERROR: syntax error, unexpected token "}", expecting ";" or "{" {"exception":"[object] (Symfony\\Component\\ErrorHandler\\Error\\FatalError(code: 0): syntax error, unexpected token \"}\", expecting \";\" or \"{\" at C:\\Users\\ALUNO-11\\Documents\\GitHub LucasM\\Meu-Curso-FullStack\\Módulo 03\\Interação com API\\api-blog\\app\\Models\\Post.php:30)
[stacktrace]
#0 C:\\Users\\ALUNO-11\\Documents\\GitHub LucasM\\Meu-Curso-FullStack\\Módulo 03\\Interação com API\\api-blog\\vendor\\laravel\\framework\\src\\Illuminate\\Foundation\\Bootstrap\\HandleExceptions.php(251): Symfony\\Component\\ErrorHandler\\Error\\FatalError->__construct(message: ''syntax error, ...', code: '0', error: '['type' => 4, '...', traceOffset: '0', traceArgs: '???', trace: '???')
#1 C:\\Users\\ALUNO-11\\Documents\\GitHub LucasM\\Meu-Curso-FullStack\\Módulo 03\\Interação com API\\api-blog\\vendor\\laravel\\framework\\src\\Illuminate\\Foundation\\Bootstrap\\HandleExceptions.php(238): Illuminate\\Foundation\\Bootstrap\\HandleExceptions->fatalErrorFromPhpError(error: '['type' => 4, '...', traceOffset: '0')
#2 C:\\Users\\ALUNO-11\\Documents\\GitHub LucasM\\Meu-Curso-FullStack\\Módulo 03\\Interação com API\\api-blog\\vendor\\laravel\\framework\\src\\Illuminate\\Foundation\\Bootstrap\\HandleExceptions.php(290): Illuminate\\Foundation\\Bootstrap\\HandleExceptions->handleShutdown()
#3 C:\\Users\\ALUNO-11\\Documents\\GitHub LucasM\\Meu-Curso-FullStack\\Módulo 03\\Interação com API\\api-blog\\vendor\\laravel\\framework\\src\\Illuminate\\Foundation\\Bootstrap\\HandleExceptions.php(0): Illuminate\\Foundation\\Bootstrap\\HandleExceptions->Illuminate\\Foundation\\Bootstrap\\{closure:C:\\Users\\ALUNO-11\\Documents\\GitHub LucasM\\Meu-Curso-FullStack\\Módulo 03\\Interação com API\\api-blog\\vendor\\laravel\\framework\\src\\Illuminate\\Foundation\\Bootstrap\\HandleExceptions.php:289-291}()
#4 {main}
"} 
[2025-01-10 11:27:39] local.ERROR: syntax error, unexpected token "}", expecting identifier or variable or "{" or "$" {"exception":"[object] (Symfony\\Component\\ErrorHandler\\Error\\FatalError(code: 0): syntax error, unexpected token \"}\", expecting identifier or variable or \"{\" or \"$\" at C:\\Users\\ALUNO-11\\Documents\\GitHub LucasM\\Meu-Curso-FullStack\\Módulo 03\\Interação com API\\api-blog\\app\\Models\\Post.php:31)
[stacktrace]
#0 C:\\Users\\ALUNO-11\\Documents\\GitHub LucasM\\Meu-Curso-FullStack\\Módulo 03\\Interação com API\\api-blog\\vendor\\laravel\\framework\\src\\Illuminate\\Foundation\\Bootstrap\\HandleExceptions.php(251): Symfony\\Component\\ErrorHandler\\Error\\FatalError->__construct(message: ''syntax error, ...', code: '0', error: '['type' => 4, '...', traceOffset: '0', traceArgs: '???', trace: '???')
#1 C:\\Users\\ALUNO-11\\Documents\\GitHub LucasM\\Meu-Curso-FullStack\\Módulo 03\\Interação com API\\api-blog\\vendor\\laravel\\framework\\src\\Illuminate\\Foundation\\Bootstrap\\HandleExceptions.php(238): Illuminate\\Foundation\\Bootstrap\\HandleExceptions->fatalErrorFromPhpError(error: '['type' => 4, '...', traceOffset: '0')
#2 C:\\Users\\ALUNO-11\\Documents\\GitHub LucasM\\Meu-Curso-FullStack\\Módulo 03\\Interação com API\\api-blog\\vendor\\laravel\\framework\\src\\Illuminate\\Foundation\\Bootstrap\\HandleExceptions.php(290): Illuminate\\Foundation\\Bootstrap\\HandleExceptions->handleShutdown()
#3 C:\\Users\\ALUNO-11\\Documents\\GitHub LucasM\\Meu-Curso-FullStack\\Módulo 03\\Interação com API\\api-blog\\vendor\\laravel\\framework\\src\\Illuminate\\Foundation\\Bootstrap\\HandleExceptions.php(0): Illuminate\\Foundation\\Bootstrap\\HandleExceptions->Illuminate\\Foundation\\Bootstrap\\{closure:C:\\Users\\ALUNO-11\\Documents\\GitHub LucasM\\Meu-Curso-FullStack\\Módulo 03\\Interação com API\\api-blog\\vendor\\laravel\\framework\\src\\Illuminate\\Foundation\\Bootstrap\\HandleExceptions.php:289-291}()
#4 {main}
"} 
[2025-01-10 11:28:03] local.ERROR: syntax error, unexpected token "}", expecting ";" {"exception":"[object] (Symfony\\Component\\ErrorHandler\\Error\\FatalError(code: 0): syntax error, unexpected token \"}\", expecting \";\" at C:\\Users\\ALUNO-11\\Documents\\GitHub LucasM\\Meu-Curso-FullStack\\Módulo 03\\Interação com API\\api-blog\\app\\Models\\Post.php:31)
[stacktrace]
#0 C:\\Users\\ALUNO-11\\Documents\\GitHub LucasM\\Meu-Curso-FullStack\\Módulo 03\\Interação com API\\api-blog\\vendor\\laravel\\framework\\src\\Illuminate\\Foundation\\Bootstrap\\HandleExceptions.php(251): Symfony\\Component\\ErrorHandler\\Error\\FatalError->__construct(message: ''syntax error, ...', code: '0', error: '['type' => 4, '...', traceOffset: '0', traceArgs: '???', trace: '???')
#1 C:\\Users\\ALUNO-11\\Documents\\GitHub LucasM\\Meu-Curso-FullStack\\Módulo 03\\Interação com API\\api-blog\\vendor\\laravel\\framework\\src\\Illuminate\\Foundation\\Bootstrap\\HandleExceptions.php(238): Illuminate\\Foundation\\Bootstrap\\HandleExceptions->fatalErrorFromPhpError(error: '['type' => 4, '...', traceOffset: '0')
#2 C:\\Users\\ALUNO-11\\Documents\\GitHub LucasM\\Meu-Curso-FullStack\\Módulo 03\\Interação com API\\api-blog\\vendor\\laravel\\framework\\src\\Illuminate\\Foundation\\Bootstrap\\HandleExceptions.php(290): Illuminate\\Foundation\\Bootstrap\\HandleExceptions->handleShutdown()
#3 C:\\Users\\ALUNO-11\\Documents\\GitHub LucasM\\Meu-Curso-FullStack\\Módulo 03\\Interação com API\\api-blog\\vendor\\laravel\\framework\\src\\Illuminate\\Foundation\\Bootstrap\\HandleExceptions.php(0): Illuminate\\Foundation\\Bootstrap\\HandleExceptions->Illuminate\\Foundation\\Bootstrap\\{closure:C:\\Users\\ALUNO-11\\Documents\\GitHub LucasM\\Meu-Curso-FullStack\\Módulo 03\\Interação com API\\api-blog\\vendor\\laravel\\framework\\src\\Illuminate\\Foundation\\Bootstrap\\HandleExceptions.php:289-291}()
#4 {main}
"} 
[2025-01-10 11:28:12] local.ERROR: syntax error, unexpected token "}", expecting ";" {"exception":"[object] (Symfony\\Component\\ErrorHandler\\Error\\FatalError(code: 0): syntax error, unexpected token \"}\", expecting \";\" at C:\\Users\\ALUNO-11\\Documents\\GitHub LucasM\\Meu-Curso-FullStack\\Módulo 03\\Interação com API\\api-blog\\app\\Models\\Post.php:31)
[stacktrace]
#0 C:\\Users\\ALUNO-11\\Documents\\GitHub LucasM\\Meu-Curso-FullStack\\Módulo 03\\Interação com API\\api-blog\\vendor\\laravel\\framework\\src\\Illuminate\\Foundation\\Bootstrap\\HandleExceptions.php(251): Symfony\\Component\\ErrorHandler\\Error\\FatalError->__construct(message: ''syntax error, ...', code: '0', error: '['type' => 4, '...', traceOffset: '0', traceArgs: '???', trace: '???')
#1 C:\\Users\\ALUNO-11\\Documents\\GitHub LucasM\\Meu-Curso-FullStack\\Módulo 03\\Interação com API\\api-blog\\vendor\\laravel\\framework\\src\\Illuminate\\Foundation\\Bootstrap\\HandleExceptions.php(238): Illuminate\\Foundation\\Bootstrap\\HandleExceptions->fatalErrorFromPhpError(error: '['type' => 4, '...', traceOffset: '0')
#2 C:\\Users\\ALUNO-11\\Documents\\GitHub LucasM\\Meu-Curso-FullStack\\Módulo 03\\Interação com API\\api-blog\\vendor\\laravel\\framework\\src\\Illuminate\\Foundation\\Bootstrap\\HandleExceptions.php(290): Illuminate\\Foundation\\Bootstrap\\HandleExceptions->handleShutdown()
#3 C:\\Users\\ALUNO-11\\Documents\\GitHub LucasM\\Meu-Curso-FullStack\\Módulo 03\\Interação com API\\api-blog\\vendor\\laravel\\framework\\src\\Illuminate\\Foundation\\Bootstrap\\HandleExceptions.php(0): Illuminate\\Foundation\\Bootstrap\\HandleExceptions->Illuminate\\Foundation\\Bootstrap\\{closure:C:\\Users\\ALUNO-11\\Documents\\GitHub LucasM\\Meu-Curso-FullStack\\Módulo 03\\Interação com API\\api-blog\\vendor\\laravel\\framework\\src\\Illuminate\\Foundation\\Bootstrap\\HandleExceptions.php:289-291}()
#4 {main}
"} 
